<?xml version="1.0" encoding="UTF-8"?>
<testsuite xmlns:xsi="http://www.w3.org/2001/XMLSchema-instance" xsi:noNamespaceSchemaLocation="https://maven.apache.org/surefire/maven-surefire-plugin/xsd/surefire-test-report-3.0.xsd" version="3.0" name="com.ShopsService.shopsService.ServiceTest.ServiceTest" time="0.691" tests="7" errors="0" skipped="0" failures="0">
  <properties>
[...]
</properties>
  <testcase name="assert_throw_notFoundExForFindAll_test" classname="com.ShopsService.shopsService.ServiceTest.ServiceTest" time="0.006">
    <system-out><![CDATA[
  .   ____          _            __ _ _
 /\\ / ___'_ __ _ _(_)_ __  __ _ \ \ \ \
( ( )\___ | '_ | '_| | '_ \/ _` | \ \ \ \
 \\/  ___)| |_)| | | | | || (_| |  ) ) ) )
  '  |____| .__|_| |_|_| |_\__, | / / / /
 =========|_|==============|___/=/_/_/_/
 :: Spring Boot ::                (v3.1.4)

2023-11-04T18:09:13.945+03:00  INFO 35402 --- [           main] c.S.s.ServiceTest.ServiceTest            : Starting ServiceTest using Java 21 with PID 35402 (started by rico in /home/rico/projects/springProjects/ShopService)
2023-11-04T18:09:13.945+03:00  INFO 35402 --- [           main] c.S.s.ServiceTest.ServiceTest            : No active profile set, falling back to 1 default profile: "default"
2023-11-04T18:09:13.962+03:00  INFO 35402 --- [           main] c.S.s.ServiceTest.ServiceTest            : Started ServiceTest in 0.218 seconds (process running for 4.787)
]]></system-out>
  </testcase>
  <testcase name="assertThat_Update_WillFail" classname="com.ShopsService.shopsService.ServiceTest.ServiceTest" time="0.003"/>
  <testcase name="assert_willDelete_Shop" classname="com.ShopsService.shopsService.ServiceTest.ServiceTest" time="0.004"/>
  <testcase name="WillTrhowExceptionFOrWrongStoreNumber" classname="com.ShopsService.shopsService.ServiceTest.ServiceTest" time="0.003"/>
  <testcase name="assert_findByStoreNumber_isAvailable_test" classname="com.ShopsService.shopsService.ServiceTest.ServiceTest" time="0.003"/>
  <testcase name="test_FindAllShops" classname="com.ShopsService.shopsService.ServiceTest.ServiceTest" time="0.002"/>
  <testcase name="assertThaExceptionWillBeThrownForNotFoundShop" classname="com.ShopsService.shopsService.ServiceTest.ServiceTest" time="0.003"/>
</testsuite>